<?xml version="1.0" encoding="UTF-8"?>
<testsuite name="repository.MemoryMemberRepositoryTest" tests="3" skipped="0" failures="0" errors="0" timestamp="2025-06-16T13:49:57.926Z" hostname="5b445224ec2f" time="0.074">
  <properties/>
  <testcase name="findAll()" classname="repository.MemoryMemberRepositoryTest" time="0.003"/>
  <testcase name="findByName()" classname="repository.MemoryMemberRepositoryTest" time="0.002"/>
  <testcase name="save()" classname="repository.MemoryMemberRepositoryTest" time="0.067"/>
  <system-out><![CDATA[result = true
]]></system-out>
  <system-err><![CDATA[]]></system-err>
</testsuite>
