<?xml version="1.0" encoding="UTF-8"?>
<testsuite name="com.test.java.service.MemberServiceTest" tests="1" skipped="0" failures="0" errors="0" timestamp="2025-06-17T13:59:40.192Z" hostname="453f6343e70f" time="0.075">
  <properties/>
  <testcase name="joinTest()" classname="com.test.java.service.MemberServiceTest" time="0.075"/>
  <system-out><![CDATA[]]></system-out>
  <system-err><![CDATA[]]></system-err>
</testsuite>
