<?xml version="1.0" encoding="UTF-8"?>
<testsuite name="MemoryMemberRepositoryTest" tests="3" skipped="0" failures="0" errors="0" timestamp="2025-05-27T13:18:06.850Z" hostname="f4eae1da3de9" time="0.176">
  <properties/>
  <testcase name="findAll()" classname="MemoryMemberRepositoryTest" time="0.121"/>
  <testcase name="findByName()" classname="MemoryMemberRepositoryTest" time="0.002"/>
  <testcase name="save()" classname="MemoryMemberRepositoryTest" time="0.017"/>
  <system-out><![CDATA[result = true
]]></system-out>
  <system-err><![CDATA[]]></system-err>
</testsuite>
