<?xml version="1.0" encoding="UTF-8"?>
<testsuite name="MemoryMemberRepositoryTest" tests="3" skipped="0" failures="0" errors="0" timestamp="2025-05-21T14:15:15.139Z" hostname="6aa03879adbc" time="0.144">
  <properties/>
  <testcase name="findAll()" classname="MemoryMemberRepositoryTest" time="0.109"/>
  <testcase name="findByName()" classname="MemoryMemberRepositoryTest" time="0.004"/>
  <testcase name="save()" classname="MemoryMemberRepositoryTest" time="0.012"/>
  <system-out><![CDATA[result = true
]]></system-out>
  <system-err><![CDATA[]]></system-err>
</testsuite>
