<?xml version="1.0" encoding="UTF-8"?>
<testsuite name="repository.JdbcMemberRepositoryTest" tests="3" skipped="0" failures="0" errors="0" timestamp="2025-06-19T03:21:48.659Z" hostname="f25512734e99" time="1.424">
  <properties/>
  <testcase name="findAll()" classname="repository.JdbcMemberRepositoryTest" time="1.407"/>
  <testcase name="findByName()" classname="repository.JdbcMemberRepositoryTest" time="0.007"/>
  <testcase name="save()" classname="repository.JdbcMemberRepositoryTest" time="0.008"/>
  <system-out><![CDATA[
  .   ____          _            __ _ _
 /\\ / ___'_ __ _ _(_)_ __  __ _ \ \ \ \
( ( )\___ | '_ | '_| | '_ \/ _` | \ \ \ \
 \\/  ___)| |_)| | | | | || (_| |  ) ) ) )
  '  |____| .__|_| |_|_| |_\__, | / / / /
 =========|_|==============|___/=/_/_/_/
 :: Spring Boot ::                (v3.2.3)

2025-06-19T03:21:44.167Z  INFO 1348 --- [    Test worker] repository.JdbcMemberRepositoryTest      : Starting JdbcMemberRepositoryTest using Java 19.0.2 with PID 1348 (started by runner in /home/runner/workspace/tutorial)
2025-06-19T03:21:44.170Z  INFO 1348 --- [    Test worker] repository.JdbcMemberRepositoryTest      : No active profile set, falling back to 1 default profile: "default"
2025-06-19T03:21:47.252Z  INFO 1348 --- [    Test worker] o.s.b.a.w.s.WelcomePageHandlerMapping    : Adding welcome page: class path resource [static/index.html]
2025-06-19T03:21:47.964Z  INFO 1348 --- [    Test worker] com.zaxxer.hikari.HikariDataSource       : HikariPool-1 - Starting...
2025-06-19T03:21:48.374Z  INFO 1348 --- [    Test worker] com.zaxxer.hikari.pool.HikariPool        : HikariPool-1 - Added connection conn0: url=jdbc:h2:mem:testdb user=SA
2025-06-19T03:21:48.375Z  INFO 1348 --- [    Test worker] com.zaxxer.hikari.HikariDataSource       : HikariPool-1 - Start completed.
2025-06-19T03:21:48.584Z  INFO 1348 --- [    Test worker] repository.JdbcMemberRepositoryTest      : Started JdbcMemberRepositoryTest in 5.006 seconds (process running for 7.489)
result = false
]]></system-out>
  <system-err><![CDATA[]]></system-err>
</testsuite>
