<?xml version="1.0" encoding="UTF-8"?>
<testsuite name="MemoryMemberRepositoryTest" tests="3" skipped="0" failures="0" errors="0" timestamp="2025-06-16T13:16:05.027Z" hostname="5b445224ec2f" time="0.281">
  <properties/>
  <testcase name="findAll()" classname="MemoryMemberRepositoryTest" time="0.272"/>
  <testcase name="findByName()" classname="MemoryMemberRepositoryTest" time="0.001"/>
  <testcase name="save()" classname="MemoryMemberRepositoryTest" time="0.005"/>
  <system-out><![CDATA[result = true
]]></system-out>
  <system-err><![CDATA[]]></system-err>
</testsuite>
