<?xml version="1.0" encoding="UTF-8"?>
<testsuite name="repository.MemoryMemberRepositoryTest" tests="3" skipped="0" failures="0" errors="0" timestamp="2025-06-19T03:21:50.085Z" hostname="f25512734e99" time="0.002">
  <properties/>
  <testcase name="findAll()" classname="repository.MemoryMemberRepositoryTest" time="0.001"/>
  <testcase name="findByName()" classname="repository.MemoryMemberRepositoryTest" time="0.0"/>
  <testcase name="save()" classname="repository.MemoryMemberRepositoryTest" time="0.0"/>
  <system-out><![CDATA[result = true
]]></system-out>
  <system-err><![CDATA[]]></system-err>
</testsuite>
