<?xml version="1.0" encoding="UTF-8"?>
<testsuite name="com.test.java.service.MemberServiceTest" tests="1" skipped="0" failures="0" errors="0" timestamp="2025-06-19T03:21:42.783Z" hostname="f25512734e99" time="0.164">
  <properties/>
  <testcase name="joinTest()" classname="com.test.java.service.MemberServiceTest" time="0.164"/>
  <system-out><![CDATA[]]></system-out>
  <system-err><![CDATA[]]></system-err>
</testsuite>
