<?xml version="1.0" encoding="UTF-8"?>
<testsuite name="repository.MemoryMemberRepositoryTest" tests="3" skipped="0" failures="0" errors="0" timestamp="2025-06-17T13:59:40.270Z" hostname="453f6343e70f" time="0.005">
  <properties/>
  <testcase name="findAll()" classname="repository.MemoryMemberRepositoryTest" time="0.001"/>
  <testcase name="findByName()" classname="repository.MemoryMemberRepositoryTest" time="0.001"/>
  <testcase name="save()" classname="repository.MemoryMemberRepositoryTest" time="0.001"/>
  <system-out><![CDATA[result = true
]]></system-out>
  <system-err><![CDATA[]]></system-err>
</testsuite>
